Flow report for light
Mon Sep 28 21:40:30 2015
Quartus II 64-Bit Version 15.0.0 Build 145 04/22/2015 SJ Web Edition


---------------------
; Table of Contents ;
---------------------
  1. Legal Notice
  2. Flow Summary
  3. Flow Settings
  4. Flow Non-Default Global Settings
  5. Flow Elapsed Time
  6. Flow OS Summary
  7. Flow Log
  8. Flow Messages
  9. Flow Suppressed Messages



----------------
; Legal Notice ;
----------------
Copyright (C) 1991-2015 Altera Corporation. All rights reserved.
Your use of Altera Corporation's design tools, logic functions 
and other software and tools, and its AMPP partner logic 
functions, and any output files from any of the foregoing 
(including device programming or simulation files), and any 
associated documentation or information are expressly subject 
to the terms and conditions of the Altera Program License 
Subscription Agreement, the Altera Quartus II License Agreement,
the Altera MegaCore Function License Agreement, or other 
applicable license agreement, including, without limitation, 
that your use is for the sole purpose of programming logic 
devices manufactured by Altera and sold by Altera or its 
authorized distributors.  Please refer to the applicable 
agreement for further details.



+----------------------------------------------------------------------------------------+
; Flow Summary                                                                           ;
+---------------------------------+------------------------------------------------------+
; Flow Status                     ; EDA Netlist Writer Failed - Mon Sep 28 21:40:30 2015 ;
; Quartus II 64-Bit Version       ; 15.0.0 Build 145 04/22/2015 SJ Web Edition           ;
; Revision Name                   ; light                                                ;
; Top-level Entity Name           ; light                                                ;
; Family                          ; Cyclone V                                            ;
; Device                          ; 5CSEMA5F31C6                                         ;
; Timing Models                   ; Final                                                ;
; Logic utilization (in ALMs)     ; N/A                                                  ;
; Total registers                 ; 0                                                    ;
; Total pins                      ; 3                                                    ;
; Total virtual pins              ; 0                                                    ;
; Total block memory bits         ; 0                                                    ;
; Total DSP Blocks                ; 0                                                    ;
; Total HSSI RX PCSs              ; 0                                                    ;
; Total HSSI PMA RX Deserializers ; 0                                                    ;
; Total HSSI TX PCSs              ; 0                                                    ;
; Total HSSI PMA TX Serializers   ; 0                                                    ;
; Total PLLs                      ; 0                                                    ;
; Total DLLs                      ; 0                                                    ;
+---------------------------------+------------------------------------------------------+


+-----------------------------------------+
; Flow Settings                           ;
+-------------------+---------------------+
; Option            ; Setting             ;
+-------------------+---------------------+
; Start date & time ; 09/28/2015 21:35:00 ;
; Main task         ; Compilation         ;
; Revision Name     ; light               ;
+-------------------+---------------------+


+--------------------------------------------------------------------------------------------------------------------+
; Flow Non-Default Global Settings                                                                                   ;
+-------------------------------------+-------------------------------+---------------+-------------+----------------+
; Assignment Name                     ; Value                         ; Default Value ; Entity Name ; Section Id     ;
+-------------------------------------+-------------------------------+---------------+-------------+----------------+
; COMPILER_SIGNATURE_ID               ; 9064771785044.144349050000880 ; --            ; --          ; --             ;
; EDA_OUTPUT_DATA_FORMAT              ; Vhdl                          ; --            ; --          ; eda_simulation ;
; EDA_SIMULATION_TOOL                 ; ModelSim-Altera (VHDL)        ; <None>        ; --          ; --             ;
; MAX_CORE_JUNCTION_TEMP              ; 85                            ; --            ; --          ; --             ;
; MIN_CORE_JUNCTION_TEMP              ; 0                             ; --            ; --          ; --             ;
; PARTITION_COLOR                     ; 16764057                      ; --            ; --          ; Top            ;
; PARTITION_FITTER_PRESERVATION_LEVEL ; PLACEMENT_AND_ROUTING         ; --            ; --          ; Top            ;
; PARTITION_NETLIST_TYPE              ; SOURCE                        ; --            ; --          ; Top            ;
; PROJECT_OUTPUT_DIRECTORY            ; output_files                  ; --            ; --          ; --             ;
+-------------------------------------+-------------------------------+---------------+-------------+----------------+


+--------------------------------------------------------------------------------------------------------------------------+
; Flow Elapsed Time                                                                                                        ;
+----------------------+--------------+-------------------------+---------------------+------------------------------------+
; Module Name          ; Elapsed Time ; Average Processors Used ; Peak Virtual Memory ; Total CPU Time (on all processors) ;
+----------------------+--------------+-------------------------+---------------------+------------------------------------+
; Analysis & Synthesis ; 00:00:25     ; 1.0                     ; 728 MB              ; 00:00:59                           ;
; EDA Netlist Writer   ; 00:00:02     ; 1.0                     ; 646 MB              ; 00:00:02                           ;
; EDA Netlist Writer   ; 00:00:02     ; 1.0                     ; 650 MB              ; 00:00:02                           ;
; EDA Netlist Writer   ; 00:00:02     ; 1.0                     ; 646 MB              ; 00:00:02                           ;
; EDA Netlist Writer   ; 00:00:02     ; 1.0                     ; 650 MB              ; 00:00:02                           ;
; EDA Netlist Writer   ; 00:00:02     ; 1.0                     ; 646 MB              ; 00:00:02                           ;
; EDA Netlist Writer   ; 00:00:01     ; 1.0                     ; 650 MB              ; 00:00:02                           ;
; EDA Netlist Writer   ; 00:00:02     ; 1.0                     ; 646 MB              ; 00:00:02                           ;
; EDA Netlist Writer   ; 00:00:02     ; 1.0                     ; 646 MB              ; 00:00:02                           ;
; EDA Netlist Writer   ; 00:00:01     ; 1.0                     ; 646 MB              ; 00:00:02                           ;
; EDA Netlist Writer   ; 00:00:02     ; 1.0                     ; 646 MB              ; 00:00:02                           ;
; EDA Netlist Writer   ; 00:00:01     ; 1.0                     ; 646 MB              ; 00:00:02                           ;
; EDA Netlist Writer   ; 00:00:02     ; 1.0                     ; 650 MB              ; 00:00:02                           ;
; EDA Netlist Writer   ; 00:00:02     ; 1.0                     ; 646 MB              ; 00:00:02                           ;
; EDA Netlist Writer   ; 00:00:01     ; 1.0                     ; 646 MB              ; 00:00:02                           ;
; Total                ; 00:00:49     ; --                      ; --                  ; 00:01:27                           ;
+----------------------+--------------+-------------------------+---------------------+------------------------------------+


+-----------------------------------------------------------------------------------+
; Flow OS Summary                                                                   ;
+----------------------+------------------+-----------+------------+----------------+
; Module Name          ; Machine Hostname ; OS Name   ; OS Version ; Processor type ;
+----------------------+------------------+-----------+------------+----------------+
; Analysis & Synthesis ; Haowei-PC        ; Windows 7 ; 6.2        ; x86_64         ;
; EDA Netlist Writer   ; Haowei-PC        ; Windows 7 ; 6.2        ; x86_64         ;
; EDA Netlist Writer   ; Haowei-PC        ; Windows 7 ; 6.2        ; x86_64         ;
; EDA Netlist Writer   ; Haowei-PC        ; Windows 7 ; 6.2        ; x86_64         ;
; EDA Netlist Writer   ; Haowei-PC        ; Windows 7 ; 6.2        ; x86_64         ;
; EDA Netlist Writer   ; Haowei-PC        ; Windows 7 ; 6.2        ; x86_64         ;
; EDA Netlist Writer   ; Haowei-PC        ; Windows 7 ; 6.2        ; x86_64         ;
; EDA Netlist Writer   ; Haowei-PC        ; Windows 7 ; 6.2        ; x86_64         ;
; EDA Netlist Writer   ; Haowei-PC        ; Windows 7 ; 6.2        ; x86_64         ;
; EDA Netlist Writer   ; Haowei-PC        ; Windows 7 ; 6.2        ; x86_64         ;
; EDA Netlist Writer   ; Haowei-PC        ; Windows 7 ; 6.2        ; x86_64         ;
; EDA Netlist Writer   ; Haowei-PC        ; Windows 7 ; 6.2        ; x86_64         ;
; EDA Netlist Writer   ; Haowei-PC        ; Windows 7 ; 6.2        ; x86_64         ;
; EDA Netlist Writer   ; Haowei-PC        ; Windows 7 ; 6.2        ; x86_64         ;
; EDA Netlist Writer   ; Haowei-PC        ; Windows 7 ; 6.2        ; x86_64         ;
+----------------------+------------------+-----------+------------+----------------+


------------
; Flow Log ;
------------
quartus_map --read_settings_files=on --write_settings_files=off light -c light
quartus_eda --gen_testbench --check_outputs=on --tool=modelsim_oem --format=verilog --write_settings_files=off light -c light --vector_source="C:/Users/Haowei/Desktop/U of T Courses/Year 2 Fall/ECE253/Labs/Tutorial/light.vwf" --testbench_file="C:/Users/Haowei/Desktop/U of T Courses/Year 2 Fall/ECE253/Labs/Tutorial/simulation/qsim/light.vwf.vt"
quartus_eda --write_settings_files=off --functional=on --flatten_buses=off --simulation=on --tool=modelsim_oem --format=verilog --output_directory="C:/Users/Haowei/Desktop/U of T Courses/Year 2 Fall/ECE253/Labs/Tutorial/simulation/qsim/" light -c light
quartus_eda --gen_testbench --check_outputs=on --tool=modelsim_oem --format=verilog --write_settings_files=off light -c light --vector_source="C:/Users/Haowei/Desktop/U of T Courses/Year 2 Fall/ECE253/Labs/Tutorial/light.vwf" --testbench_file="C:/Users/Haowei/Desktop/U of T Courses/Year 2 Fall/ECE253/Labs/Tutorial/simulation/qsim/light.vwf.vt"
quartus_eda --write_settings_files=off --functional=on --flatten_buses=off --simulation=on --tool=modelsim_oem --format=verilog --output_directory="C:/Users/Haowei/Desktop/U of T Courses/Year 2 Fall/ECE253/Labs/Tutorial/simulation/qsim/" light -c light
quartus_eda --gen_testbench --check_outputs=on --tool=modelsim_oem --format=verilog --write_settings_files=off light -c light --vector_source="C:/Users/Haowei/Desktop/U of T Courses/Year 2 Fall/ECE253/Labs/Tutorial/light.vwf" --testbench_file="C:/Users/Haowei/Desktop/U of T Courses/Year 2 Fall/ECE253/Labs/Tutorial/simulation/qsim/light.vwf.vt"
quartus_eda --write_settings_files=off --functional=on --flatten_buses=off --simulation=on --tool=modelsim_oem --format=verilog --output_directory="C:/Users/Haowei/Desktop/U of T Courses/Year 2 Fall/ECE253/Labs/Tutorial/simulation/qsim/" light -c light
quartus_eda --gen_testbench --check_outputs=on --tool=modelsim_oem --format=verilog --write_settings_files=off light -c light --vector_source="C:/Users/Haowei/Desktop/U of T Courses/Year 2 Fall/ECE253/Labs/Tutorial/light.vwf" --testbench_file="C:/Users/Haowei/Desktop/U of T Courses/Year 2 Fall/ECE253/Labs/Tutorial/simulation/qsim/light.vwf.vt"
quartus_eda --write_settings_files=off --functional=off --flatten_buses=off --timescale=1ps --simulation=on --tool=modelsim_oem --format=verilog --output_directory="C:/Users/Haowei/Desktop/U of T Courses/Year 2 Fall/ECE253/Labs/Tutorial/simulation/qsim/" light -c light
quartus_eda --gen_testbench --check_outputs=on --tool=modelsim_oem --format=verilog --write_settings_files=off light -c light --vector_source="C:/Users/Haowei/Desktop/U of T Courses/Year 2 Fall/ECE253/Labs/Tutorial/light.vwf" --testbench_file="C:/Users/Haowei/Desktop/U of T Courses/Year 2 Fall/ECE253/Labs/Tutorial/simulation/qsim/light.vwf.vt"
quartus_eda --write_settings_files=off --functional=off --flatten_buses=off --timescale=1ps --simulation=on --tool=modelsim_oem --format=verilog --output_directory="C:/Users/Haowei/Desktop/U of T Courses/Year 2 Fall/ECE253/Labs/Tutorial/simulation/qsim/" light -c light
quartus_eda --gen_testbench --check_outputs=on --tool=modelsim_oem --format=verilog --write_settings_files=off light -c light --vector_source="C:/Users/Haowei/Desktop/U of T Courses/Year 2 Fall/ECE253/Labs/Tutorial/light.vwf" --testbench_file="C:/Users/Haowei/Desktop/U of T Courses/Year 2 Fall/ECE253/Labs/Tutorial/simulation/qsim/light.vwf.vt"
quartus_eda --write_settings_files=off --functional=on --flatten_buses=off --simulation=on --tool=modelsim_oem --format=verilog --output_directory="C:/Users/Haowei/Desktop/U of T Courses/Year 2 Fall/ECE253/Labs/Tutorial/simulation/qsim/" light -c light
quartus_eda --gen_testbench --check_outputs=on --tool=modelsim_oem --format=verilog --write_settings_files=off light -c light --vector_source="C:/Users/Haowei/Desktop/U of T Courses/Year 2 Fall/ECE253/Labs/Tutorial/light.vwf" --testbench_file="C:/Users/Haowei/Desktop/U of T Courses/Year 2 Fall/ECE253/Labs/Tutorial/simulation/qsim/light.vwf.vt"
quartus_eda --write_settings_files=off --functional=off --flatten_buses=off --timescale=1ps --simulation=on --tool=modelsim_oem --format=verilog --output_directory="C:/Users/Haowei/Desktop/U of T Courses/Year 2 Fall/ECE253/Labs/Tutorial/simulation/qsim/" light -c light



