EDA Netlist Writer report for light
Mon Sep 28 21:40:30 2015
Quartus II 64-Bit Version 15.0.0 Build 145 04/22/2015 SJ Web Edition


---------------------
; Table of Contents ;
---------------------
  1. Legal Notice
  2. EDA Netlist Writer Summary
  3. EDA Netlist Writer Messages



----------------
; Legal Notice ;
----------------
Copyright (C) 1991-2015 Altera Corporation. All rights reserved.
Your use of Altera Corporation's design tools, logic functions 
and other software and tools, and its AMPP partner logic 
functions, and any output files from any of the foregoing 
(including device programming or simulation files), and any 
associated documentation or information are expressly subject 
to the terms and conditions of the Altera Program License 
Subscription Agreement, the Altera Quartus II License Agreement,
the Altera MegaCore Function License Agreement, or other 
applicable license agreement, including, without limitation, 
that your use is for the sole purpose of programming logic 
devices manufactured by Altera and sold by Altera or its 
authorized distributors.  Please refer to the applicable 
agreement for further details.



+---------------------------------------------------------------+
; EDA Netlist Writer Summary                                    ;
+---------------------------+-----------------------------------+
; EDA Netlist Writer Status ; Failed - Mon Sep 28 21:40:30 2015 ;
; Revision Name             ; light                             ;
; Top-level Entity Name     ; light                             ;
; Family                    ; Cyclone V                         ;
+---------------------------+-----------------------------------+


+-----------------------------+
; EDA Netlist Writer Messages ;
+-----------------------------+
Info: *******************************************************************
Info: Running Quartus II 64-Bit EDA Netlist Writer
    Info: Version 15.0.0 Build 145 04/22/2015 SJ Web Edition
    Info: Copyright (C) 1991-2015 Altera Corporation. All rights reserved.
    Info: Your use of Altera Corporation's design tools, logic functions 
    Info: and other software and tools, and its AMPP partner logic 
    Info: functions, and any output files from any of the foregoing 
    Info: (including device programming or simulation files), and any 
    Info: associated documentation or information are expressly subject 
    Info: to the terms and conditions of the Altera Program License 
    Info: Subscription Agreement, the Altera Quartus II License Agreement,
    Info: the Altera MegaCore Function License Agreement, or other 
    Info: applicable license agreement, including, without limitation, 
    Info: that your use is for the sole purpose of programming logic 
    Info: devices manufactured by Altera and sold by Altera or its 
    Info: authorized distributors.  Please refer to the applicable 
    Info: agreement for further details.
    Info: Processing started: Mon Sep 28 21:40:29 2015
Info: Command: quartus_eda --write_settings_files=off --functional=off --flatten_buses=off --timescale=1ps --simulation=on --tool=modelsim_oem --format=verilog --output_directory="C:/Users/Haowei/Desktop/U of T Courses/Year 2 Fall/ECE253/Labs/Tutorial/simulation/qsim/" light -c light
Info (119006): Selected device 5CSEMA5F31C6 for design "light"
Error (199063): Run the Fitter, followed by the TimeQuest Timing Analyzer, before running the EDA Netlist Writer
Error: Quartus II 64-Bit EDA Netlist Writer was unsuccessful. 1 error, 0 warnings
    Error: Peak virtual memory: 646 megabytes
    Error: Processing ended: Mon Sep 28 21:40:30 2015
    Error: Elapsed time: 00:00:01
    Error: Total CPU time (on all processors): 00:00:02


