Flow report for part4
Mon Oct 12 19:45:18 2015
Quartus II 64-Bit Version 15.0.0 Build 145 04/22/2015 SJ Web Edition


---------------------
; Table of Contents ;
---------------------
  1. Legal Notice
  2. Flow Summary
  3. Flow Settings
  4. Flow Non-Default Global Settings
  5. Flow Elapsed Time
  6. Flow OS Summary
  7. Flow Log
  8. Flow Messages
  9. Flow Suppressed Messages



----------------
; Legal Notice ;
----------------
Copyright (C) 1991-2015 Altera Corporation. All rights reserved.
Your use of Altera Corporation's design tools, logic functions 
and other software and tools, and its AMPP partner logic 
functions, and any output files from any of the foregoing 
(including device programming or simulation files), and any 
associated documentation or information are expressly subject 
to the terms and conditions of the Altera Program License 
Subscription Agreement, the Altera Quartus II License Agreement,
the Altera MegaCore Function License Agreement, or other 
applicable license agreement, including, without limitation, 
that your use is for the sole purpose of programming logic 
devices manufactured by Altera and sold by Altera or its 
authorized distributors.  Please refer to the applicable 
agreement for further details.



+------------------------------------------------------------------------------+
; Flow Summary                                                                 ;
+---------------------------------+--------------------------------------------+
; Flow Status                     ; Successful - Mon Oct 12 19:45:18 2015      ;
; Quartus II 64-Bit Version       ; 15.0.0 Build 145 04/22/2015 SJ Web Edition ;
; Revision Name                   ; part4                                      ;
; Top-level Entity Name           ; part4                                      ;
; Family                          ; Cyclone V                                  ;
; Device                          ; 5CSEMA5F31C6                               ;
; Timing Models                   ; Final                                      ;
; Logic utilization (in ALMs)     ; 17 / 32,070 ( < 1 % )                      ;
; Total registers                 ; 0                                          ;
; Total pins                      ; 47 / 457 ( 10 % )                          ;
; Total virtual pins              ; 0                                          ;
; Total block memory bits         ; 0 / 4,065,280 ( 0 % )                      ;
; Total DSP Blocks                ; 0 / 87 ( 0 % )                             ;
; Total HSSI RX PCSs              ; 0                                          ;
; Total HSSI PMA RX Deserializers ; 0                                          ;
; Total HSSI TX PCSs              ; 0                                          ;
; Total HSSI PMA TX Serializers   ; 0                                          ;
; Total PLLs                      ; 0 / 6 ( 0 % )                              ;
; Total DLLs                      ; 0 / 4 ( 0 % )                              ;
+---------------------------------+--------------------------------------------+


+-----------------------------------------+
; Flow Settings                           ;
+-------------------+---------------------+
; Option            ; Setting             ;
+-------------------+---------------------+
; Start date & time ; 10/12/2015 19:37:04 ;
; Main task         ; Compilation         ;
; Revision Name     ; part4               ;
+-------------------+---------------------+


+--------------------------------------------------------------------------------------------------------------------+
; Flow Non-Default Global Settings                                                                                   ;
+-------------------------------------+-------------------------------+---------------+-------------+----------------+
; Assignment Name                     ; Value                         ; Default Value ; Entity Name ; Section Id     ;
+-------------------------------------+-------------------------------+---------------+-------------+----------------+
; COMPILER_SIGNATURE_ID               ; 9064771785044.144469302310944 ; --            ; --          ; --             ;
; EDA_OUTPUT_DATA_FORMAT              ; Vhdl                          ; --            ; --          ; eda_simulation ;
; EDA_SIMULATION_TOOL                 ; ModelSim-Altera (VHDL)        ; <None>        ; --          ; --             ;
; MAX_CORE_JUNCTION_TEMP              ; 85                            ; --            ; --          ; --             ;
; MIN_CORE_JUNCTION_TEMP              ; 0                             ; --            ; --          ; --             ;
; PARTITION_COLOR                     ; 16764057                      ; --            ; --          ; Top            ;
; PARTITION_FITTER_PRESERVATION_LEVEL ; PLACEMENT_AND_ROUTING         ; --            ; --          ; Top            ;
; PARTITION_NETLIST_TYPE              ; SOURCE                        ; --            ; --          ; Top            ;
; PROJECT_OUTPUT_DIRECTORY            ; output_files                  ; --            ; --          ; --             ;
+-------------------------------------+-------------------------------+---------------+-------------+----------------+


+-------------------------------------------------------------------------------------------------------------------------------+
; Flow Elapsed Time                                                                                                             ;
+---------------------------+--------------+-------------------------+---------------------+------------------------------------+
; Module Name               ; Elapsed Time ; Average Processors Used ; Peak Virtual Memory ; Total CPU Time (on all processors) ;
+---------------------------+--------------+-------------------------+---------------------+------------------------------------+
; Analysis & Synthesis      ; 00:00:23     ; 1.0                     ; 718 MB              ; 00:00:55                           ;
; Fitter                    ; 00:01:58     ; 1.0                     ; 1887 MB             ; 00:02:24                           ;
; Assembler                 ; 00:00:28     ; 1.0                     ; 754 MB              ; 00:00:28                           ;
; TimeQuest Timing Analyzer ; 00:00:15     ; 1.0                     ; 1004 MB             ; 00:00:15                           ;
; EDA Netlist Writer        ; 00:00:03     ; 1.0                     ; 666 MB              ; 00:00:03                           ;
; EDA Netlist Writer        ; 00:00:02     ; 1.0                     ; 649 MB              ; 00:00:03                           ;
; EDA Netlist Writer        ; 00:00:03     ; 1.0                     ; 646 MB              ; 00:00:03                           ;
; EDA Netlist Writer        ; 00:00:03     ; 1.0                     ; 646 MB              ; 00:00:03                           ;
; EDA Netlist Writer        ; 00:00:03     ; 1.0                     ; 650 MB              ; 00:00:03                           ;
; EDA Netlist Writer        ; 00:00:03     ; 1.0                     ; 650 MB              ; 00:00:03                           ;
; EDA Netlist Writer        ; 00:00:02     ; 1.0                     ; 650 MB              ; 00:00:03                           ;
; Total                     ; 00:03:23     ; --                      ; --                  ; 00:04:23                           ;
+---------------------------+--------------+-------------------------+---------------------+------------------------------------+


+----------------------------------------------------------------------------------------+
; Flow OS Summary                                                                        ;
+---------------------------+------------------+-----------+------------+----------------+
; Module Name               ; Machine Hostname ; OS Name   ; OS Version ; Processor type ;
+---------------------------+------------------+-----------+------------+----------------+
; Analysis & Synthesis      ; Haowei-PC        ; Windows 7 ; 6.2        ; x86_64         ;
; Fitter                    ; Haowei-PC        ; Windows 7 ; 6.2        ; x86_64         ;
; Assembler                 ; Haowei-PC        ; Windows 7 ; 6.2        ; x86_64         ;
; TimeQuest Timing Analyzer ; Haowei-PC        ; Windows 7 ; 6.2        ; x86_64         ;
; EDA Netlist Writer        ; Haowei-PC        ; Windows 7 ; 6.2        ; x86_64         ;
; EDA Netlist Writer        ; Haowei-PC        ; Windows 7 ; 6.2        ; x86_64         ;
; EDA Netlist Writer        ; Haowei-PC        ; Windows 7 ; 6.2        ; x86_64         ;
; EDA Netlist Writer        ; Haowei-PC        ; Windows 7 ; 6.2        ; x86_64         ;
; EDA Netlist Writer        ; Haowei-PC        ; Windows 7 ; 6.2        ; x86_64         ;
; EDA Netlist Writer        ; Haowei-PC        ; Windows 7 ; 6.2        ; x86_64         ;
; EDA Netlist Writer        ; Haowei-PC        ; Windows 7 ; 6.2        ; x86_64         ;
+---------------------------+------------------+-----------+------------+----------------+


------------
; Flow Log ;
------------
quartus_map --read_settings_files=on --write_settings_files=off part4 -c part4
quartus_fit --read_settings_files=off --write_settings_files=off part4 -c part4
quartus_asm --read_settings_files=off --write_settings_files=off part4 -c part4
quartus_sta part4 -c part4
quartus_eda --read_settings_files=off --write_settings_files=off part4 -c part4
quartus_eda --gen_testbench --check_outputs=on --tool=modelsim_oem --format=verilog --write_settings_files=off part4 -c part4 --vector_source="C:/Users/Haowei/Desktop/U of T Courses/Year 2 Fall/ECE253/Labs/Lab4/part4/Simulation_1.vwf" --testbench_file="C:/Users/Haowei/Desktop/U of T Courses/Year 2 Fall/ECE253/Labs/Lab4/part4/simulation/qsim/Simulation_1.vwf.vt"
quartus_eda --gen_testbench --check_outputs=on --tool=modelsim_oem --format=verilog --write_settings_files=off part4 -c part4 --vector_source="C:/Users/Haowei/Desktop/U of T Courses/Year 2 Fall/ECE253/Labs/Lab4/part4/Simulation_1.vwf" --testbench_file="C:/Users/Haowei/Desktop/U of T Courses/Year 2 Fall/ECE253/Labs/Lab4/part4/simulation/qsim/Simulation_1.vwf.vt"
quartus_eda --gen_testbench --check_outputs=on --tool=modelsim_oem --format=verilog --write_settings_files=off part4 -c part4 --vector_source="C:/Users/Haowei/Desktop/U of T Courses/Year 2 Fall/ECE253/Labs/Lab4/part4/Simulation_1.vwf" --testbench_file="C:/Users/Haowei/Desktop/U of T Courses/Year 2 Fall/ECE253/Labs/Lab4/part4/simulation/qsim/Simulation_1.vwf.vt"
quartus_eda --write_settings_files=off --functional=on --flatten_buses=off --simulation=on --tool=modelsim_oem --format=verilog --output_directory="C:/Users/Haowei/Desktop/U of T Courses/Year 2 Fall/ECE253/Labs/Lab4/part4/simulation/qsim/" part4 -c part4
quartus_eda --gen_testbench --check_outputs=on --tool=modelsim_oem --format=verilog --write_settings_files=off part4 -c part4 --vector_source="C:/Users/Haowei/Desktop/U of T Courses/Year 2 Fall/ECE253/Labs/Lab4/part4/Simulation_1.vwf" --testbench_file="C:/Users/Haowei/Desktop/U of T Courses/Year 2 Fall/ECE253/Labs/Lab4/part4/simulation/qsim/Simulation_1.vwf.vt"
quartus_eda --write_settings_files=off --functional=on --flatten_buses=off --simulation=on --tool=modelsim_oem --format=verilog --output_directory="C:/Users/Haowei/Desktop/U of T Courses/Year 2 Fall/ECE253/Labs/Lab4/part4/simulation/qsim/" part4 -c part4



